This script must be SOURCED to correctly setup the environment prior to running any of the other HCP scripts contained here
/projects/f_mc1689_1/HCP_v2_prereqs/HCP_Pipelines_v3_25_1/PreFreeSurfer/PreFreeSurferPipeline.sh
Tue Aug  7 15:57:57 EDT 2018 - PreFreeSurferPipeline.sh: Platform Information Follows: 
Linux hal0092.amarel.rutgers.edu 3.10.0-693.21.1.el7.x86_64 #1 SMP Wed Mar 7 19:03:37 UTC 2018 x86_64 x86_64 x86_64 GNU/Linux
Tue Aug  7 15:57:57 EDT 2018 - PreFreeSurferPipeline.sh: Parsing Command Line Options
Tue Aug  7 15:57:59 EDT 2018 - PreFreeSurferPipeline.sh: Finished Parsing Command Line Options
Tue Aug  7 15:57:59 EDT 2018 - PreFreeSurferPipeline.sh: StudyFolder: /scratch/keanebp/NeuralMech_sub-S31/output/
Tue Aug  7 15:57:59 EDT 2018 - PreFreeSurferPipeline.sh: Subject: sub-S31
Tue Aug  7 15:57:59 EDT 2018 - PreFreeSurferPipeline.sh: T1wInputImages: /scratch/keanebp/NeuralMech_sub-S31/input//anat/sub-S31_rec-2_T1w.nii.gz
Tue Aug  7 15:57:59 EDT 2018 - PreFreeSurferPipeline.sh: T2wInputImages: /scratch/keanebp/NeuralMech_sub-S31/input//anat/sub-S31_rec-2_T2w.nii.gz
Tue Aug  7 15:57:59 EDT 2018 - PreFreeSurferPipeline.sh: T1wTemplate: /projects/f_mc1689_1/HCP_v2_prereqs/HCP_Pipelines_v3_25_1/global/templates/MNI152_T1_0.8mm.nii.gz
Tue Aug  7 15:57:59 EDT 2018 - PreFreeSurferPipeline.sh: T1wTemplateBrain: /projects/f_mc1689_1/HCP_v2_prereqs/HCP_Pipelines_v3_25_1/global/templates/MNI152_T1_0.8mm_brain.nii.gz
Tue Aug  7 15:57:59 EDT 2018 - PreFreeSurferPipeline.sh: T1wTemplate2mm: /projects/f_mc1689_1/HCP_v2_prereqs/HCP_Pipelines_v3_25_1/global/templates/MNI152_T1_2mm.nii.gz
Tue Aug  7 15:57:59 EDT 2018 - PreFreeSurferPipeline.sh: T2wTemplate: /projects/f_mc1689_1/HCP_v2_prereqs/HCP_Pipelines_v3_25_1/global/templates/MNI152_T2_0.8mm.nii.gz
Tue Aug  7 15:57:59 EDT 2018 - PreFreeSurferPipeline.sh: T2wTemplateBrain: /projects/f_mc1689_1/HCP_v2_prereqs/HCP_Pipelines_v3_25_1/global/templates/MNI152_T2_0.8mm_brain.nii.gz
Tue Aug  7 15:57:59 EDT 2018 - PreFreeSurferPipeline.sh: T2wTemplate2mm: /projects/f_mc1689_1/HCP_v2_prereqs/HCP_Pipelines_v3_25_1/global/templates/MNI152_T2_2mm.nii.gz
Tue Aug  7 15:57:59 EDT 2018 - PreFreeSurferPipeline.sh: TemplateMask: /projects/f_mc1689_1/HCP_v2_prereqs/HCP_Pipelines_v3_25_1/global/templates/MNI152_T1_0.8mm_brain_mask.nii.gz
Tue Aug  7 15:57:59 EDT 2018 - PreFreeSurferPipeline.sh: Template2mmMask: /projects/f_mc1689_1/HCP_v2_prereqs/HCP_Pipelines_v3_25_1/global/templates/MNI152_T1_2mm_brain_mask_dil.nii.gz
Tue Aug  7 15:57:59 EDT 2018 - PreFreeSurferPipeline.sh: BrainSize: 150
Tue Aug  7 15:57:59 EDT 2018 - PreFreeSurferPipeline.sh: FNIRTConfig: /projects/f_mc1689_1/HCP_v2_prereqs/HCP_Pipelines_v3_25_1/global/config/T1_2_MNI152_2mm.cnf
Tue Aug  7 15:57:59 EDT 2018 - PreFreeSurferPipeline.sh: MagnitudeInputName: NONE
Tue Aug  7 15:57:59 EDT 2018 - PreFreeSurferPipeline.sh: PhaseInputName: 
Tue Aug  7 15:57:59 EDT 2018 - PreFreeSurferPipeline.sh: GEB0InputName: 
Tue Aug  7 15:57:59 EDT 2018 - PreFreeSurferPipeline.sh: TE: 
Tue Aug  7 15:57:59 EDT 2018 - PreFreeSurferPipeline.sh: SpinEchoPhaseEncodeNegative: /scratch/keanebp/NeuralMech_sub-S31/input//fmap/sub-S31_dir-AP_run-1_epi.nii.gz
Tue Aug  7 15:57:59 EDT 2018 - PreFreeSurferPipeline.sh: SpinEchoPhaseEncodePositive: /scratch/keanebp/NeuralMech_sub-S31/input//fmap/sub-S31_dir-PA_run-1_epi.nii.gz
Tue Aug  7 15:57:59 EDT 2018 - PreFreeSurferPipeline.sh: DwellTime: 0.00075
Tue Aug  7 15:57:59 EDT 2018 - PreFreeSurferPipeline.sh: SEUnwarpDir: y
Tue Aug  7 15:57:59 EDT 2018 - PreFreeSurferPipeline.sh: T1wSampleSpacing: 0.0000074
Tue Aug  7 15:57:59 EDT 2018 - PreFreeSurferPipeline.sh: T2wSampleSpacing: 0.0000021
Tue Aug  7 15:57:59 EDT 2018 - PreFreeSurferPipeline.sh: UnwarpDir: z
Tue Aug  7 15:57:59 EDT 2018 - PreFreeSurferPipeline.sh: GradientDistortionCoeffs: 
Tue Aug  7 15:57:59 EDT 2018 - PreFreeSurferPipeline.sh: AvgrdcSTRING: TOPUP
Tue Aug  7 15:57:59 EDT 2018 - PreFreeSurferPipeline.sh: TopupConfig: /projects/f_mc1689_1//HCP_v2_prereqs/HCP_Pipelines_v3_25_1/global/config/b02b0.cnf
Tue Aug  7 15:57:59 EDT 2018 - PreFreeSurferPipeline.sh: BiasFieldSmoothingSigma: 
Tue Aug  7 15:57:59 EDT 2018 - PreFreeSurferPipeline.sh: UseJacobian: true
Tue Aug  7 15:57:59 EDT 2018 - PreFreeSurferPipeline.sh: FSLDIR: /projects/f_mc1689_1//HCP_v2_prereqs/fsl
Tue Aug  7 15:57:59 EDT 2018 - PreFreeSurferPipeline.sh: HCPPIPEDIR: /projects/f_mc1689_1//HCP_v2_prereqs/HCP_Pipelines_v3_25_1
Tue Aug  7 15:57:59 EDT 2018 - PreFreeSurferPipeline.sh: HCPPIPEDIR_Global: /projects/f_mc1689_1//HCP_v2_prereqs/HCP_Pipelines_v3_25_1/global/scripts
Tue Aug  7 15:57:59 EDT 2018 - PreFreeSurferPipeline.sh: HCPPIPEDIR_PreFS: /projects/f_mc1689_1//HCP_v2_prereqs/HCP_Pipelines_v3_25_1/PreFreeSurfer/scripts
Tue Aug  7 15:57:59 EDT 2018 - PreFreeSurferPipeline.sh: T1wFolder: /scratch/keanebp/NeuralMech_sub-S31/output//sub-S31/T1w
Tue Aug  7 15:57:59 EDT 2018 - PreFreeSurferPipeline.sh: T2wFolder: /scratch/keanebp/NeuralMech_sub-S31/output//sub-S31/T2w
Tue Aug  7 15:57:59 EDT 2018 - PreFreeSurferPipeline.sh: AtlasSpaceFolder: /scratch/keanebp/NeuralMech_sub-S31/output//sub-S31/MNINonLinear
Tue Aug  7 15:57:59 EDT 2018 - PreFreeSurferPipeline.sh: mkdir -p /scratch/keanebp/NeuralMech_sub-S31/output//sub-S31/T1w/xfms/
Tue Aug  7 15:57:59 EDT 2018 - PreFreeSurferPipeline.sh: mkdir -p /scratch/keanebp/NeuralMech_sub-S31/output//sub-S31/T2w/xfms/
Tue Aug  7 15:57:59 EDT 2018 - PreFreeSurferPipeline.sh: mkdir -p /scratch/keanebp/NeuralMech_sub-S31/output//sub-S31/MNINonLinear/xfms/
Tue Aug  7 15:57:59 EDT 2018 - PreFreeSurferPipeline.sh: POSIXLY_CORRECT=
Tue Aug  7 15:57:59 EDT 2018 - PreFreeSurferPipeline.sh: Processing Modality:  T1w
Tue Aug  7 15:57:59 EDT 2018 - PreFreeSurferPipeline.sh: NOT PERFORMING GRADIENT DISTORTION CORRECTION
Tue Aug  7 15:57:59 EDT 2018 - PreFreeSurferPipeline.sh: Not Averaging T1w Images
Tue Aug  7 15:57:59 EDT 2018 - PreFreeSurferPipeline.sh: ONLY ONE AVERAGE FOUND: COPYING
Tue Aug  7 15:58:00 EDT 2018 - PreFreeSurferPipeline.sh: Aligning T1w image to 0.7mm MNI T1wTemplate to create native volume space
Tue Aug  7 15:58:00 EDT 2018 - PreFreeSurferPipeline.sh: mkdir -p /scratch/keanebp/NeuralMech_sub-S31/output//sub-S31/T1w/ACPCAlignment
 
 START: ACPCAlignment
Final FOV is: 
0.000000 192.000000 0.000000 300.000000 87.000000 188.000000 

 
 END: ACPCAlignment
Tue Aug  7 15:59:12 EDT 2018 - PreFreeSurferPipeline.sh: Performing Brain Extraction using FNIRT-based Masking
Tue Aug  7 15:59:12 EDT 2018 - PreFreeSurferPipeline.sh: mkdir -p /scratch/keanebp/NeuralMech_sub-S31/output//sub-S31/T1w/BrainExtraction_FNIRTbased
 
 START: BrainExtraction_FNIRT
 
 END: BrainExtraction_FNIRT
Tue Aug  7 16:05:32 EDT 2018 - PreFreeSurferPipeline.sh: Processing Modality:  T2w
Tue Aug  7 16:05:32 EDT 2018 - PreFreeSurferPipeline.sh: NOT PERFORMING GRADIENT DISTORTION CORRECTION
Tue Aug  7 16:05:33 EDT 2018 - PreFreeSurferPipeline.sh: Not Averaging T2w Images
Tue Aug  7 16:05:33 EDT 2018 - PreFreeSurferPipeline.sh: ONLY ONE AVERAGE FOUND: COPYING
Tue Aug  7 16:05:33 EDT 2018 - PreFreeSurferPipeline.sh: Aligning T2w image to 0.7mm MNI T2wTemplate to create native volume space
Tue Aug  7 16:05:33 EDT 2018 - PreFreeSurferPipeline.sh: mkdir -p /scratch/keanebp/NeuralMech_sub-S31/output//sub-S31/T2w/ACPCAlignment
 
 START: ACPCAlignment
Final FOV is: 
0.000000 208.000000 0.000000 300.000000 87.000000 188.000000 

 
 END: ACPCAlignment
Tue Aug  7 16:06:44 EDT 2018 - PreFreeSurferPipeline.sh: Performing Brain Extraction using FNIRT-based Masking
Tue Aug  7 16:06:44 EDT 2018 - PreFreeSurferPipeline.sh: mkdir -p /scratch/keanebp/NeuralMech_sub-S31/output//sub-S31/T2w/BrainExtraction_FNIRTbased
 
 START: BrainExtraction_FNIRT
 
 END: BrainExtraction_FNIRT
Tue Aug  7 16:12:37 EDT 2018 - PreFreeSurferPipeline.sh: Performing TOPUP Readout Distortion Correction
Tue Aug  7 16:12:37 EDT 2018 - PreFreeSurferPipeline.sh: mkdir -p /scratch/keanebp/NeuralMech_sub-S31/output//sub-S31/T2w/T2wToT1wDistortionCorrectAndReg
 
 START: T2WToT1wDistortionCorrectAndReg.sh
Tue Aug  7 16:12:39 EDT 2018 - TopupPreprocessingAll.sh: START: Topup Field Map Generation and Gradient Unwarping
SSD = 1478.5	n = 51744	Reg = 0	Cost = 1478.5
SSD = 939.559	n = 51744	Reg = 52.9573	Cost = 992.517
SSD = 810.425	n = 51744	Reg = 112.471	Cost = 922.896
SSD = 766.441	n = 51744	Reg = 139.399	Cost = 905.839
SSD = 745.358	n = 51744	Reg = 151.803	Cost = 897.161
SSD = 730.018	n = 51744	Reg = 159.398	Cost = 889.416
***Going to next resolution level***
SSD = 1060.72	n = 51744	Reg = 52.5901	Cost = 1113.31
SSD = 670.701	n = 51744	Reg = 122.237	Cost = 792.938
SSD = 478.803	n = 51744	Reg = 156.094	Cost = 634.897
SSD = 384.605	n = 51744	Reg = 164.183	Cost = 548.789
SSD = 344.605	n = 51744	Reg = 167.717	Cost = 512.322
SSD = 325.826	n = 51744	Reg = 169.295	Cost = 495.121
***Going to next resolution level***
SSD = 739.438	n = 51744	Reg = 38.478	Cost = 777.916
SSD = 555.527	n = 51744	Reg = 64.2162	Cost = 619.743
SSD = 493.024	n = 51744	Reg = 82.5008	Cost = 575.525
SSD = 472.014	n = 51744	Reg = 90.2663	Cost = 562.28
SSD = 462.508	n = 51744	Reg = 93.602	Cost = 556.11
SSD = 457.162	n = 51744	Reg = 95.4568	Cost = 552.619
***Going to next resolution level***
SSD = 557.082	n = 51744	Reg = 20.938	Cost = 578.02
SSD = 449.248	n = 51744	Reg = 27.8841	Cost = 477.132
SSD = 413.068	n = 51744	Reg = 36.4536	Cost = 449.522
SSD = 402.925	n = 51744	Reg = 40.0785	Cost = 443.004
SSD = 398.988	n = 51744	Reg = 41.5531	Cost = 440.541
SSD = 396.764	n = 51744	Reg = 42.3418	Cost = 439.106
***Going to next resolution level***
SSD = 394.088	n = 51744	Reg = 14.615	Cost = 408.703
SSD = 292.275	n = 51744	Reg = 14.2222	Cost = 306.497
SSD = 267.413	n = 51744	Reg = 17.7988	Cost = 285.212
SSD = 261.892	n = 51744	Reg = 19.5419	Cost = 281.434
SSD = 260.251	n = 51744	Reg = 20.1837	Cost = 280.434
SSD = 259.429	n = 51744	Reg = 20.4687	Cost = 279.898
***Going to next resolution level***
SSD = 898.377	n = 437328	Reg = 72.5492	Cost = 970.926
SSD = 853.754	n = 437328	Reg = 68.9257	Cost = 922.68
SSD = 803.95	n = 437328	Reg = 64.8931	Cost = 868.843
SSD = 772.332	n = 437328	Reg = 62.3509	Cost = 834.683
SSD = 731.107	n = 437328	Reg = 59.0624	Cost = 790.169
SSD = 701.15	n = 437328	Reg = 56.728	Cost = 757.878
SSD = 674.224	n = 437328	Reg = 54.6752	Cost = 728.899
SSD = 653.872	n = 437328	Reg = 53.187	Cost = 707.059
SSD = 635.746	n = 437328	Reg = 51.9246	Cost = 687.67
SSD = 621.282	n = 437328	Reg = 50.9879	Cost = 672.269
SSD = 608.604	n = 437328	Reg = 50.2268	Cost = 658.83
***Going to next resolution level***
SSD = 722.018	n = 437328	Reg = 6.43606	Cost = 728.454
SSD = 707.884	n = 437328	Reg = 6.30997	Cost = 714.194
SSD = 686.955	n = 437328	Reg = 6.12451	Cost = 693.08
SSD = 668.197	n = 437328	Reg = 5.9616	Cost = 674.159
SSD = 649.128	n = 437328	Reg = 5.79914	Cost = 654.927
SSD = 621.405	n = 437328	Reg = 5.57416	Cost = 626.979
SSD = 601.238	n = 437328	Reg = 5.42392	Cost = 606.662
SSD = 576.472	n = 437328	Reg = 5.26511	Cost = 581.737
SSD = 561.674	n = 437328	Reg = 5.19734	Cost = 566.871
SSD = 545.629	n = 437328	Reg = 5.15816	Cost = 550.787
SSD = 535.131	n = 437328	Reg = 5.15941	Cost = 540.29
***Going to next resolution level***
SSD = 535.132	n = 437328	Reg = 0.0515943	Cost = 535.184
SSD = 531.82	n = 437328	Reg = 0.0512715	Cost = 531.872
SSD = 525.973	n = 437328	Reg = 0.0506991	Cost = 526.024
SSD = 518.025	n = 437328	Reg = 0.0499363	Cost = 518.075
SSD = 514.236	n = 437328	Reg = 0.049591	Cost = 514.286
SSD = 504.558	n = 437328	Reg = 0.0487295	Cost = 504.607
SSD = 498.839	n = 437328	Reg = 0.0482813	Cost = 498.887
SSD = 492.078	n = 437328	Reg = 0.0478567	Cost = 492.126
SSD = 488.023	n = 437328	Reg = 0.0477302	Cost = 488.071
SSD = 481.438	n = 437328	Reg = 0.0477653	Cost = 481.486
SSD = 476.194	n = 437328	Reg = 0.0480095	Cost = 476.242
SSD = 467.351	n = 437328	Reg = 0.0488805	Cost = 467.4
SSD = 461.495	n = 437328	Reg = 0.0497257	Cost = 461.545
SSD = 452.875	n = 437328	Reg = 0.0513811	Cost = 452.927
SSD = 447.719	n = 437328	Reg = 0.0525401	Cost = 447.771
SSD = 441.421	n = 437328	Reg = 0.0543287	Cost = 441.475
SSD = 437.725	n = 437328	Reg = 0.0554763	Cost = 437.78
SSD = 433.756	n = 437328	Reg = 0.0565932	Cost = 433.812
SSD = 430.27	n = 437328	Reg = 0.0575538	Cost = 430.327
SSD = 427.553	n = 437328	Reg = 0.0583397	Cost = 427.611
SSD = 424.618	n = 437328	Reg = 0.0591176	Cost = 424.677
***Going to next resolution level***
SSD = 424.618	n = 437328	Reg = 0.00118235	Cost = 424.619
SSD = 423.688	n = 437328	Reg = 0.00117929	Cost = 423.689
SSD = 421.785	n = 437328	Reg = 0.00117247	Cost = 421.787
SSD = 418.799	n = 437328	Reg = 0.00116149	Cost = 418.8
SSD = 416.656	n = 437328	Reg = 0.00115309	Cost = 416.657
SSD = 412.713	n = 437328	Reg = 0.00113783	Cost = 412.715
SSD = 408.44	n = 437328	Reg = 0.00112062	Cost = 408.441
SSD = 403.425	n = 437328	Reg = 0.00109917	Cost = 403.426
SSD = 399.973	n = 437328	Reg = 0.00108322	Cost = 399.974
SSD = 396.148	n = 437328	Reg = 0.00106381	Cost = 396.149
SSD = 393.863	n = 437328	Reg = 0.00105189	Cost = 393.864
SSD = 391.334	n = 437328	Reg = 0.00103892	Cost = 391.335
SSD = 389.731	n = 437328	Reg = 0.00103142	Cost = 389.732
SSD = 388.503	n = 437328	Reg = 0.00102653	Cost = 388.504
SSD = 387.211	n = 437328	Reg = 0.00102288	Cost = 387.212
SSD = 386.442	n = 437328	Reg = 0.00102163	Cost = 386.443
SSD = 385.603	n = 437328	Reg = 0.00102155	Cost = 385.604
SSD = 384.594	n = 437328	Reg = 0.00102293	Cost = 384.595
SSD = 383.8	n = 437328	Reg = 0.00102534	Cost = 383.801
SSD = 382.329	n = 437328	Reg = 0.00103214	Cost = 382.33
SSD = 381.211	n = 437328	Reg = 0.00103854	Cost = 381.212
SSD = 379.743	n = 437328	Reg = 0.00104782	Cost = 379.744
SSD = 377.83	n = 437328	Reg = 0.0010616	Cost = 377.831
SSD = 376.595	n = 437328	Reg = 0.00107098	Cost = 376.596
SSD = 374.605	n = 437328	Reg = 0.00108766	Cost = 374.606
SSD = 372.877	n = 437328	Reg = 0.00110415	Cost = 372.878
SSD = 371.63	n = 437328	Reg = 0.00111874	Cost = 371.632
SSD = 369.916	n = 437328	Reg = 0.00114005	Cost = 369.917
SSD = 368.599	n = 437328	Reg = 0.00115785	Cost = 368.601
SSD = 367.002	n = 437328	Reg = 0.00117965	Cost = 367.003
SSD = 364.937	n = 437328	Reg = 0.00121003	Cost = 364.938
SSD = 363.341	n = 437328	Reg = 0.00123721	Cost = 363.342
SSD = 361.607	n = 437328	Reg = 0.00126494	Cost = 361.608
SSD = 359.576	n = 437328	Reg = 0.00129812	Cost = 359.578
SSD = 358.363	n = 437328	Reg = 0.00131839	Cost = 358.364
SSD = 356.88	n = 437328	Reg = 0.00134526	Cost = 356.881
SSD = 355.363	n = 437328	Reg = 0.00137375	Cost = 355.364
SSD = 354.332	n = 437328	Reg = 0.00138998	Cost = 354.333
SSD = 352.475	n = 437328	Reg = 0.00141994	Cost = 352.476
SSD = 351.106	n = 437328	Reg = 0.00144152	Cost = 351.107
SSD = 349.761	n = 437328	Reg = 0.00146348	Cost = 349.763
SSD = 348.381	n = 437328	Reg = 0.00148603	Cost = 348.382
SSD = 347.222	n = 437328	Reg = 0.0015032	Cost = 347.223
SSD = 346.087	n = 437328	Reg = 0.00151954	Cost = 346.089
SSD = 344.86	n = 437328	Reg = 0.0015377	Cost = 344.862
SSD = 343.943	n = 437328	Reg = 0.00155211	Cost = 343.944
SSD = 343.282	n = 437328	Reg = 0.00156243	Cost = 343.284
SSD = 342.458	n = 437328	Reg = 0.00157524	Cost = 342.459
SSD = 341.637	n = 437328	Reg = 0.0015878	Cost = 341.639
SSD = 340.985	n = 437328	Reg = 0.00159793	Cost = 340.986
SSD = 340.154	n = 437328	Reg = 0.00161011	Cost = 340.155
Tue Aug  7 16:27:54 EDT 2018 - TopupPreprocessingAll.sh: END: Topup Field Map Generation and Gradient Unwarping
Running FAST segmentation
FLIRT pre-alignment
Running BBR
0.140888 0.999998 0.000797 0.001989 0.000000 -0.000787 0.999985 -0.005380 0.000000 -0.001993 0.005378 0.999984 0.000000 0.114999 -0.233478 0.121384 1.000000 
 
 END: T2WToT1wDistortionCorrectAndReg.sh
Tue Aug  7 16:41:41 EDT 2018 - PreFreeSurferPipeline.sh: Performing Bias Field Correction
Tue Aug  7 16:41:41 EDT 2018 - PreFreeSurferPipeline.sh: mkdir -p /scratch/keanebp/NeuralMech_sub-S31/output//sub-S31/T1w/BiasFieldCorrection_sqrtT1wXT1w
 
 START: BiasFieldCorrection
0.236244
0.973711
.8555890
 
 END: BiasFieldCorrection
Tue Aug  7 16:43:30 EDT 2018 - PreFreeSurferPipeline.sh: Performing Atlas Registration to MNI152 (FLIRT and FNIRT)
 
 START: AtlasRegistration to MNI152
 
 END: AtlasRegistration to MNI152
Tue Aug  7 16:51:32 EDT 2018 - PreFreeSurferPipeline.sh: Completed
Skipping fMRIVolumeProcessing_prac node
Skipping fMRIVolumeProcessing_test node
Skipping mask creation
Skipping run concatenation
Skipping Timeseries Extraction
