Reading 2 control points...
only using 2 control points from file, mean 359.2, scaling by 0.31...
only generating white matter surface
reading original vertex positions from white.hires
using filled.hires as filled name
using wm.hires as filled name
appending .deformed to output names...
write iterations = 0
reading volume /scratch/keanebp/NeuralMech_sub-S31/output//sub-S31/T1w/sub-S31/mri/filled.hires.mgz...
reading volume /scratch/keanebp/NeuralMech_sub-S31/output//sub-S31/T1w/sub-S31/mri/T1w_hires.masked.norm.mgz...
reading volume /scratch/keanebp/NeuralMech_sub-S31/output//sub-S31/T1w/sub-S31/mri/wm.hires.mgz...
391022 bright wm thresholded.
0 bright non-wm voxels segmented.
reading original surface position from /scratch/keanebp/NeuralMech_sub-S31/output//sub-S31/T1w/sub-S31/surf/lh.white.hires...
computing class statistics...
border white:    412618 voxels (2.94%)
border gray      424363 voxels (3.03%)
WM (99.0): 99.8 +- 6.6 [70.0 --> 110.0]
GM (92.0) : 89.5 +- 10.1 [30.0 --> 110.0]
setting MIN_GRAY_AT_WHITE_BORDER to 70.9 (was 70)
setting MAX_BORDER_WHITE to 114.6 (was 105)
setting MIN_BORDER_WHITE to 81.0 (was 85)
setting MAX_CSF to 60.8 (was 40)
setting MAX_GRAY to 101.4 (was 95)
setting MAX_GRAY_AT_CSF_BORDER to 76.0 (was 75)
setting MIN_GRAY_AT_CSF_BORDER to 50.7 (was 40)
repositioning cortical surface to gray/white boundary
reading volume /scratch/keanebp/NeuralMech_sub-S31/output//sub-S31/T1w/sub-S31/mri/aseg.hires.mgz...
smoothing T1 volume with sigma = 2.000
vertex spacing 0.88 +- 0.26 (0.02-->9.54) (max @ vno 134021 --> 134101)
face area 0.33 +- 0.16 (0.00-->6.53)
mean absolute distance = 1.82 +- 1.73
3716 vertices more than 2 sigmas from mean.
averaging target values for 5 iterations...
smoothing T1 volume with sigma = 1.000
vertex spacing 0.90 +- 0.28 (0.07-->10.21) (max @ vno 134021 --> 134101)
face area 0.33 +- 0.18 (0.00-->7.45)
mean absolute distance = 0.78 +- 0.89
3164 vertices more than 2 sigmas from mean.
averaging target values for 5 iterations...
smoothing T1 volume with sigma = 0.500
vertex spacing 0.89 +- 0.26 (0.08-->10.32) (max @ vno 134021 --> 134101)
face area 0.34 +- 0.18 (0.00-->7.64)
mean absolute distance = 0.41 +- 0.63
5172 vertices more than 2 sigmas from mean.
averaging target values for 5 iterations...
smoothing T1 volume with sigma = 0.250
vertex spacing 0.89 +- 0.26 (0.02-->10.47) (max @ vno 134021 --> 134101)
face area 0.33 +- 0.17 (0.00-->7.72)
mean absolute distance = 0.27 +- 0.46
3787 vertices more than 2 sigmas from mean.
averaging target values for 5 iterations...
writing white matter surface to /scratch/keanebp/NeuralMech_sub-S31/output//sub-S31/T1w/sub-S31/surf/lh.white.deformed...
writing smoothed curvature to lh.curv.deformed
writing smoothed area to lh.area.deformed
vertex spacing 0.89 +- 0.27 (0.02-->10.53) (max @ vno 134021 --> 134101)
face area 0.33 +- 0.17 (0.00-->7.49)
refinement took 2.5 minutes
only generating white matter surface
reading original vertex positions from white.hires
using filled.hires as filled name
using wm.hires as filled name
appending .deformed to output names...
write iterations = 0
reading volume /scratch/keanebp/NeuralMech_sub-S31/output//sub-S31/T1w/sub-S31/mri/filled.hires.mgz...
reading volume /scratch/keanebp/NeuralMech_sub-S31/output//sub-S31/T1w/sub-S31/mri/T1w_hires.masked.norm.mgz...
reading volume /scratch/keanebp/NeuralMech_sub-S31/output//sub-S31/T1w/sub-S31/mri/wm.hires.mgz...
389793 bright wm thresholded.
0 bright non-wm voxels segmented.
reading original surface position from /scratch/keanebp/NeuralMech_sub-S31/output//sub-S31/T1w/sub-S31/surf/rh.white.hires...
computing class statistics...
border white:    412618 voxels (2.94%)
border gray      424363 voxels (3.03%)
WM (99.0): 99.7 +- 6.6 [70.0 --> 110.0]
GM (92.0) : 89.6 +- 10.1 [30.0 --> 110.0]
setting MIN_GRAY_AT_WHITE_BORDER to 69.9 (was 70)
setting MAX_BORDER_WHITE to 114.6 (was 105)
setting MIN_BORDER_WHITE to 80.0 (was 85)
setting MAX_CSF to 59.8 (was 40)
setting MAX_GRAY to 101.4 (was 95)
setting MAX_GRAY_AT_CSF_BORDER to 75.0 (was 75)
setting MIN_GRAY_AT_CSF_BORDER to 49.8 (was 40)
repositioning cortical surface to gray/white boundary
reading volume /scratch/keanebp/NeuralMech_sub-S31/output//sub-S31/T1w/sub-S31/mri/aseg.hires.mgz...
smoothing T1 volume with sigma = 2.000
vertex spacing 0.89 +- 0.25 (0.06-->6.63) (max @ vno 51711 --> 51712)
face area 0.33 +- 0.16 (0.00-->9.08)
mean absolute distance = 1.81 +- 1.72
3567 vertices more than 2 sigmas from mean.
averaging target values for 5 iterations...
smoothing T1 volume with sigma = 1.000
vertex spacing 0.90 +- 0.28 (0.04-->6.63) (max @ vno 51711 --> 51712)
face area 0.33 +- 0.18 (0.00-->9.25)
mean absolute distance = 0.78 +- 0.89
3008 vertices more than 2 sigmas from mean.
averaging target values for 5 iterations...
smoothing T1 volume with sigma = 0.500
vertex spacing 0.89 +- 0.26 (0.11-->6.50) (max @ vno 51711 --> 51712)
face area 0.34 +- 0.18 (0.00-->9.58)
mean absolute distance = 0.42 +- 0.63
5125 vertices more than 2 sigmas from mean.
averaging target values for 5 iterations...
smoothing T1 volume with sigma = 0.250
vertex spacing 0.89 +- 0.26 (0.05-->6.46) (max @ vno 51711 --> 51712)
face area 0.33 +- 0.17 (0.00-->9.54)
mean absolute distance = 0.29 +- 0.48
3570 vertices more than 2 sigmas from mean.
averaging target values for 5 iterations...
writing white matter surface to /scratch/keanebp/NeuralMech_sub-S31/output//sub-S31/T1w/sub-S31/surf/rh.white.deformed...
writing smoothed curvature to rh.curv.deformed
writing smoothed area to rh.area.deformed
vertex spacing 0.89 +- 0.26 (0.06-->6.43) (max @ vno 51711 --> 51712)
face area 0.33 +- 0.17 (0.00-->9.72)
refinement took 2.5 minutes
-white NOWRITE indicates that white, curv, area, and cortex.label files will not be written...
reading original vertex positions from white.deformed
using filled.hires as filled name
using wm.hires as filled name
reading volume /scratch/keanebp/NeuralMech_sub-S31/output//sub-S31/T1w/sub-S31/mri/filled.hires.mgz...
reading volume /scratch/keanebp/NeuralMech_sub-S31/output//sub-S31/T1w/sub-S31/mri/T1w_hires.norm.mgz...
reading volume /scratch/keanebp/NeuralMech_sub-S31/output//sub-S31/T1w/sub-S31/mri/wm.hires.mgz...
195047 bright wm thresholded.
0 bright non-wm voxels segmented.
reading original surface position from /scratch/keanebp/NeuralMech_sub-S31/output//sub-S31/T1w/sub-S31/surf/lh.white.deformed...
computing class statistics...
border white:    412618 voxels (2.94%)
border gray      424363 voxels (3.03%)
WM (94.0): 94.6 +- 7.6 [70.0 --> 110.0]
GM (85.0) : 84.3 +- 10.0 [30.0 --> 110.0]
setting MIN_GRAY_AT_WHITE_BORDER to 67.0 (was 70)
setting MAX_BORDER_WHITE to 112.6 (was 105)
setting MIN_BORDER_WHITE to 77.0 (was 85)
setting MAX_CSF to 8.0 (was 40)
setting MAX_GRAY to 97.4 (was 95)
setting MAX_GRAY_AT_CSF_BORDER to 72.0 (was 75)
setting MIN_GRAY_AT_CSF_BORDER to 8.0 (was 40)
reading colortable from annotation file...
colortable with 36 entries read (originally /autofs/space/terrier_001/users/nicks/freesurfer/average/colortable_desikan_killiany.txt)
repositioning cortical surface to gray/white boundary
reading volume /scratch/keanebp/NeuralMech_sub-S31/output//sub-S31/T1w/sub-S31/mri/aseg.hires.mgz...
smoothing T1 volume with sigma = 2.000
vertex spacing 0.83 +- 0.23 (0.01-->6.96) (max @ vno 134021 --> 134101)
face area 0.29 +- 0.14 (0.00-->4.93)
mean absolute distance = 2.10 +- 1.88
4225 vertices more than 2 sigmas from mean.
averaging target values for 5 iterations...
smoothing T1 volume with sigma = 1.000
vertex spacing 0.89 +- 0.28 (0.04-->6.67) (max @ vno 134021 --> 134101)
face area 0.29 +- 0.16 (0.00-->5.89)
mean absolute distance = 0.90 +- 0.95
2824 vertices more than 2 sigmas from mean.
averaging target values for 5 iterations...
smoothing T1 volume with sigma = 0.500
vertex spacing 0.88 +- 0.26 (0.10-->6.47) (max @ vno 134021 --> 134101)
face area 0.33 +- 0.17 (0.00-->7.10)
mean absolute distance = 0.53 +- 0.73
4197 vertices more than 2 sigmas from mean.
averaging target values for 5 iterations...
smoothing T1 volume with sigma = 0.250
vertex spacing 0.88 +- 0.25 (0.03-->6.25) (max @ vno 134021 --> 134101)
face area 0.32 +- 0.16 (0.00-->6.70)
mean absolute distance = 0.38 +- 0.61
4803 vertices more than 2 sigmas from mean.
averaging target values for 5 iterations...
repositioning cortical surface to gray/csf boundary.
smoothing T1 volume with sigma = 2.000
averaging target values for 5 iterations...
smoothing T1 volume with sigma = 1.000
averaging target values for 5 iterations...
smoothing T1 volume with sigma = 0.500
averaging target values for 5 iterations...
smoothing T1 volume with sigma = 0.250
averaging target values for 5 iterations...
writing pial surface to /scratch/keanebp/NeuralMech_sub-S31/output//sub-S31/T1w/sub-S31/surf/lh.pial...
writing smoothed curvature to lh.curv.pial
writing smoothed area to lh.area.pial
vertex spacing 0.99 +- 0.42 (0.05-->8.84) (max @ vno 134100 --> 53851)
face area 0.39 +- 0.30 (0.00-->8.60)
measuring cortical thickness...
writing cortical thickness estimate to 'thickness' file.
positioning took 6.2 minutes
-white NOWRITE indicates that white, curv, area, and cortex.label files will not be written...
reading original vertex positions from white.deformed
using filled.hires as filled name
using wm.hires as filled name
reading volume /scratch/keanebp/NeuralMech_sub-S31/output//sub-S31/T1w/sub-S31/mri/filled.hires.mgz...
reading volume /scratch/keanebp/NeuralMech_sub-S31/output//sub-S31/T1w/sub-S31/mri/T1w_hires.norm.mgz...
reading volume /scratch/keanebp/NeuralMech_sub-S31/output//sub-S31/T1w/sub-S31/mri/wm.hires.mgz...
196572 bright wm thresholded.
0 bright non-wm voxels segmented.
reading original surface position from /scratch/keanebp/NeuralMech_sub-S31/output//sub-S31/T1w/sub-S31/surf/rh.white.deformed...
computing class statistics...
border white:    412618 voxels (2.94%)
border gray      424363 voxels (3.03%)
WM (94.0): 94.6 +- 7.7 [70.0 --> 110.0]
GM (85.0) : 84.4 +- 9.9 [30.0 --> 110.0]
setting MIN_GRAY_AT_WHITE_BORDER to 67.1 (was 70)
setting MAX_BORDER_WHITE to 111.7 (was 105)
setting MIN_BORDER_WHITE to 77.0 (was 85)
setting MAX_CSF to 8.0 (was 40)
setting MAX_GRAY to 96.3 (was 95)
setting MAX_GRAY_AT_CSF_BORDER to 72.0 (was 75)
setting MIN_GRAY_AT_CSF_BORDER to 8.0 (was 40)
reading colortable from annotation file...
colortable with 36 entries read (originally /autofs/space/terrier_001/users/nicks/freesurfer/average/colortable_desikan_killiany.txt)
repositioning cortical surface to gray/white boundary
reading volume /scratch/keanebp/NeuralMech_sub-S31/output//sub-S31/T1w/sub-S31/mri/aseg.hires.mgz...
smoothing T1 volume with sigma = 2.000
vertex spacing 0.83 +- 0.23 (0.03-->5.80) (max @ vno 52819 --> 54948)
face area 0.29 +- 0.14 (0.00-->4.98)
mean absolute distance = 2.04 +- 1.83
4267 vertices more than 2 sigmas from mean.
averaging target values for 5 iterations...
smoothing T1 volume with sigma = 1.000
vertex spacing 0.90 +- 0.28 (0.05-->6.45) (max @ vno 48586 --> 54917)
face area 0.29 +- 0.16 (0.00-->5.66)
mean absolute distance = 0.89 +- 0.95
2906 vertices more than 2 sigmas from mean.
averaging target values for 5 iterations...
smoothing T1 volume with sigma = 0.500
vertex spacing 0.88 +- 0.26 (0.09-->6.54) (max @ vno 48586 --> 54917)
face area 0.33 +- 0.17 (0.00-->7.07)
mean absolute distance = 0.53 +- 0.73
4029 vertices more than 2 sigmas from mean.
averaging target values for 5 iterations...
smoothing T1 volume with sigma = 0.250
vertex spacing 0.88 +- 0.25 (0.07-->6.55) (max @ vno 48586 --> 54917)
face area 0.32 +- 0.16 (0.00-->7.09)
mean absolute distance = 0.39 +- 0.61
4806 vertices more than 2 sigmas from mean.
averaging target values for 5 iterations...
repositioning cortical surface to gray/csf boundary.
smoothing T1 volume with sigma = 2.000
averaging target values for 5 iterations...
smoothing T1 volume with sigma = 1.000
averaging target values for 5 iterations...
smoothing T1 volume with sigma = 0.500
averaging target values for 5 iterations...
smoothing T1 volume with sigma = 0.250
averaging target values for 5 iterations...
writing pial surface to /scratch/keanebp/NeuralMech_sub-S31/output//sub-S31/T1w/sub-S31/surf/rh.pial...
writing smoothed curvature to rh.curv.pial
writing smoothed area to rh.area.pial
vertex spacing 1.00 +- 0.41 (0.03-->8.36) (max @ vno 55039 --> 57264)
face area 0.39 +- 0.29 (0.00-->6.79)
measuring cortical thickness...
writing cortical thickness estimate to 'thickness' file.
positioning took 6.1 minutes
using T2 threshold of 2.00 sigmas above the mean (default=2)
using T2 threshold of 3.00 sigmas below the mean (default=2)
using filled.hires as filled name
using wm.hires as filled name
reading original vertex positions from white.deformed
reading previously compute gray/white surface
refining pial surfaces placement using T2 volume /scratch/keanebp/NeuralMech_sub-S31/output//sub-S31/T1w/sub-S31/mri/T2w_hires.norm
appending .postT2.pass1 to output names...
reading volume /scratch/keanebp/NeuralMech_sub-S31/output//sub-S31/T1w/sub-S31/mri/filled.hires.mgz...
reading volume /scratch/keanebp/NeuralMech_sub-S31/output//sub-S31/T1w/sub-S31/mri/T1w_hires.norm.mgz...
reading volume /scratch/keanebp/NeuralMech_sub-S31/output//sub-S31/T1w/sub-S31/mri/wm.hires.mgz...
195047 bright wm thresholded.
0 bright non-wm voxels segmented.
reading original surface position from /scratch/keanebp/NeuralMech_sub-S31/output//sub-S31/T1w/sub-S31/surf/lh.white.deformed...
computing class statistics...
border white:    412618 voxels (2.94%)
border gray      424363 voxels (3.03%)
WM (94.0): 94.6 +- 7.6 [70.0 --> 110.0]
GM (85.0) : 84.3 +- 10.0 [30.0 --> 110.0]
setting MIN_GRAY_AT_WHITE_BORDER to 67.0 (was 70)
setting MAX_BORDER_WHITE to 112.6 (was 105)
setting MIN_BORDER_WHITE to 77.0 (was 85)
setting MAX_CSF to 57.1 (was 40)
setting MAX_GRAY to 97.4 (was 95)
setting MAX_GRAY_AT_CSF_BORDER to 72.0 (was 75)
setting MIN_GRAY_AT_CSF_BORDER to 47.1 (was 40)
reading colortable from annotation file...
colortable with 36 entries read (originally /autofs/space/terrier_001/users/nicks/freesurfer/average/colortable_desikan_killiany.txt)
reading volume /scratch/keanebp/NeuralMech_sub-S31/output//sub-S31/T1w/sub-S31/mri/aseg.hires.mgz...
repositioning cortical surface to gray/csf boundary.
smoothing T1 volume with sigma = 2.000
averaging target values for 5 iterations...
smoothing T1 volume with sigma = 1.000
averaging target values for 5 iterations...
smoothing T1 volume with sigma = 0.500
averaging target values for 5 iterations...
smoothing T1 volume with sigma = 0.250
averaging target values for 5 iterations...
writing pial surface to /scratch/keanebp/NeuralMech_sub-S31/output//sub-S31/T1w/sub-S31/surf/lh.pial.postT2.pass1...
writing smoothed curvature to lh.curv.pial.postT2.pass1
writing smoothed area to lh.area.pial.postT2.pass1
vertex spacing 1.00 +- 0.42 (0.07-->7.76) (max @ vno 95386 --> 94389)
face area 0.40 +- 0.30 (0.00-->8.61)
measuring cortical thickness...
writing cortical thickness estimate to 'thickness' file.
positioning took 7.9 minutes
using T2 threshold of 2.00 sigmas above the mean (default=2)
using T2 threshold of 3.00 sigmas below the mean (default=2)
using filled.hires as filled name
using wm.hires as filled name
reading original vertex positions from white.deformed
reading previously compute gray/white surface
refining pial surfaces placement using T2 volume /scratch/keanebp/NeuralMech_sub-S31/output//sub-S31/T1w/sub-S31/mri/T2w_hires.norm
appending .postT2.pass1 to output names...
reading volume /scratch/keanebp/NeuralMech_sub-S31/output//sub-S31/T1w/sub-S31/mri/filled.hires.mgz...
reading volume /scratch/keanebp/NeuralMech_sub-S31/output//sub-S31/T1w/sub-S31/mri/T1w_hires.norm.mgz...
reading volume /scratch/keanebp/NeuralMech_sub-S31/output//sub-S31/T1w/sub-S31/mri/wm.hires.mgz...
196572 bright wm thresholded.
0 bright non-wm voxels segmented.
reading original surface position from /scratch/keanebp/NeuralMech_sub-S31/output//sub-S31/T1w/sub-S31/surf/rh.white.deformed...
computing class statistics...
border white:    412618 voxels (2.94%)
border gray      424363 voxels (3.03%)
WM (94.0): 94.6 +- 7.7 [70.0 --> 110.0]
GM (85.0) : 84.4 +- 9.9 [30.0 --> 110.0]
setting MIN_GRAY_AT_WHITE_BORDER to 67.1 (was 70)
setting MAX_BORDER_WHITE to 111.7 (was 105)
setting MIN_BORDER_WHITE to 77.0 (was 85)
setting MAX_CSF to 57.1 (was 40)
setting MAX_GRAY to 96.3 (was 95)
setting MAX_GRAY_AT_CSF_BORDER to 72.0 (was 75)
setting MIN_GRAY_AT_CSF_BORDER to 47.2 (was 40)
reading colortable from annotation file...
colortable with 36 entries read (originally /autofs/space/terrier_001/users/nicks/freesurfer/average/colortable_desikan_killiany.txt)
reading volume /scratch/keanebp/NeuralMech_sub-S31/output//sub-S31/T1w/sub-S31/mri/aseg.hires.mgz...
repositioning cortical surface to gray/csf boundary.
smoothing T1 volume with sigma = 2.000
averaging target values for 5 iterations...
smoothing T1 volume with sigma = 1.000
averaging target values for 5 iterations...
smoothing T1 volume with sigma = 0.500
averaging target values for 5 iterations...
smoothing T1 volume with sigma = 0.250
averaging target values for 5 iterations...
writing pial surface to /scratch/keanebp/NeuralMech_sub-S31/output//sub-S31/T1w/sub-S31/surf/rh.pial.postT2.pass1...
writing smoothed curvature to rh.curv.pial.postT2.pass1
writing smoothed area to rh.area.pial.postT2.pass1
vertex spacing 1.00 +- 0.42 (0.02-->8.40) (max @ vno 55039 --> 57264)
face area 0.40 +- 0.30 (0.00-->6.75)
measuring cortical thickness...
writing cortical thickness estimate to 'thickness' file.
positioning took 7.6 minutes
-white NOWRITE indicates that white, curv, area, and cortex.label files will not be written...
reading original vertex positions from white.deformed
using filled.hires as filled name
using wm.hires as filled name
reading volume /scratch/keanebp/NeuralMech_sub-S31/output//sub-S31/T1w/sub-S31/mri/filled.hires.mgz...
reading volume /scratch/keanebp/NeuralMech_sub-S31/output//sub-S31/T1w/sub-S31/mri/T1w_hires.greynorm.mgz...
reading volume /scratch/keanebp/NeuralMech_sub-S31/output//sub-S31/T1w/sub-S31/mri/wm.hires.mgz...
192196 bright wm thresholded.
0 bright non-wm voxels segmented.
reading original surface position from /scratch/keanebp/NeuralMech_sub-S31/output//sub-S31/T1w/sub-S31/surf/lh.white.deformed...
computing class statistics...
border white:    412618 voxels (2.94%)
border gray      424363 voxels (3.03%)
WM (93.0): 94.0 +- 7.9 [70.0 --> 110.0]
GM (85.0) : 83.8 +- 9.9 [30.0 --> 110.0]
setting MIN_GRAY_AT_WHITE_BORDER to 68.1 (was 70)
setting MAX_BORDER_WHITE to 112.9 (was 105)
setting MIN_BORDER_WHITE to 78.0 (was 85)
setting MAX_CSF to 48.2 (was 40)
setting MAX_GRAY to 97.1 (was 95)
setting MAX_GRAY_AT_CSF_BORDER to 73.0 (was 75)
setting MIN_GRAY_AT_CSF_BORDER to 38.3 (was 40)
reading colortable from annotation file...
colortable with 36 entries read (originally /autofs/space/terrier_001/users/nicks/freesurfer/average/colortable_desikan_killiany.txt)
repositioning cortical surface to gray/white boundary
reading volume /scratch/keanebp/NeuralMech_sub-S31/output//sub-S31/T1w/sub-S31/mri/aseg.hires.mgz...
smoothing T1 volume with sigma = 2.000
vertex spacing 0.83 +- 0.23 (0.01-->6.96) (max @ vno 134021 --> 134101)
face area 0.29 +- 0.14 (0.00-->4.93)
mean absolute distance = 2.10 +- 1.88
4247 vertices more than 2 sigmas from mean.
averaging target values for 5 iterations...
smoothing T1 volume with sigma = 1.000
vertex spacing 0.89 +- 0.28 (0.03-->6.73) (max @ vno 134021 --> 134101)
face area 0.29 +- 0.16 (0.00-->5.33)
mean absolute distance = 0.88 +- 0.95
2956 vertices more than 2 sigmas from mean.
averaging target values for 5 iterations...
smoothing T1 volume with sigma = 0.500
vertex spacing 0.88 +- 0.26 (0.06-->6.45) (max @ vno 134021 --> 134101)
face area 0.33 +- 0.17 (0.00-->6.75)
mean absolute distance = 0.53 +- 0.73
4186 vertices more than 2 sigmas from mean.
averaging target values for 5 iterations...
smoothing T1 volume with sigma = 0.250
vertex spacing 0.88 +- 0.25 (0.06-->6.32) (max @ vno 134021 --> 134101)
face area 0.32 +- 0.16 (0.00-->6.58)
mean absolute distance = 0.38 +- 0.60
4897 vertices more than 2 sigmas from mean.
averaging target values for 5 iterations...
repositioning cortical surface to gray/csf boundary.
smoothing T1 volume with sigma = 2.000
averaging target values for 5 iterations...
smoothing T1 volume with sigma = 1.000
averaging target values for 5 iterations...
smoothing T1 volume with sigma = 0.500
averaging target values for 5 iterations...
smoothing T1 volume with sigma = 0.250
averaging target values for 5 iterations...
writing pial surface to /scratch/keanebp/NeuralMech_sub-S31/output//sub-S31/T1w/sub-S31/surf/lh.pial...
writing smoothed curvature to lh.curv.pial
writing smoothed area to lh.area.pial
vertex spacing 1.00 +- 0.40 (0.09-->8.35) (max @ vno 134100 --> 53851)
face area 0.40 +- 0.28 (0.00-->9.03)
measuring cortical thickness...
writing cortical thickness estimate to 'thickness' file.
positioning took 5.9 minutes
-white NOWRITE indicates that white, curv, area, and cortex.label files will not be written...
reading original vertex positions from white.deformed
using filled.hires as filled name
using wm.hires as filled name
reading volume /scratch/keanebp/NeuralMech_sub-S31/output//sub-S31/T1w/sub-S31/mri/filled.hires.mgz...
reading volume /scratch/keanebp/NeuralMech_sub-S31/output//sub-S31/T1w/sub-S31/mri/T1w_hires.greynorm.mgz...
reading volume /scratch/keanebp/NeuralMech_sub-S31/output//sub-S31/T1w/sub-S31/mri/wm.hires.mgz...
193456 bright wm thresholded.
0 bright non-wm voxels segmented.
reading original surface position from /scratch/keanebp/NeuralMech_sub-S31/output//sub-S31/T1w/sub-S31/surf/rh.white.deformed...
computing class statistics...
border white:    412618 voxels (2.94%)
border gray      424363 voxels (3.03%)
WM (93.0): 94.1 +- 7.9 [70.0 --> 110.0]
GM (85.0) : 83.9 +- 9.9 [30.0 --> 110.0]
setting MIN_GRAY_AT_WHITE_BORDER to 67.1 (was 70)
setting MAX_BORDER_WHITE to 111.9 (was 105)
setting MIN_BORDER_WHITE to 77.0 (was 85)
setting MAX_CSF to 47.4 (was 40)
setting MAX_GRAY to 96.1 (was 95)
setting MAX_GRAY_AT_CSF_BORDER to 72.1 (was 75)
setting MIN_GRAY_AT_CSF_BORDER to 37.5 (was 40)
reading colortable from annotation file...
colortable with 36 entries read (originally /autofs/space/terrier_001/users/nicks/freesurfer/average/colortable_desikan_killiany.txt)
repositioning cortical surface to gray/white boundary
reading volume /scratch/keanebp/NeuralMech_sub-S31/output//sub-S31/T1w/sub-S31/mri/aseg.hires.mgz...
smoothing T1 volume with sigma = 2.000
vertex spacing 0.83 +- 0.23 (0.03-->5.80) (max @ vno 52819 --> 54948)
face area 0.29 +- 0.14 (0.00-->4.98)
mean absolute distance = 2.05 +- 1.84
4307 vertices more than 2 sigmas from mean.
averaging target values for 5 iterations...
smoothing T1 volume with sigma = 1.000
vertex spacing 0.90 +- 0.28 (0.04-->6.53) (max @ vno 48586 --> 54917)
face area 0.29 +- 0.16 (0.00-->5.96)
mean absolute distance = 0.88 +- 0.95
2942 vertices more than 2 sigmas from mean.
averaging target values for 5 iterations...
smoothing T1 volume with sigma = 0.500
vertex spacing 0.88 +- 0.26 (0.03-->6.81) (max @ vno 48586 --> 54917)
face area 0.33 +- 0.17 (0.00-->7.79)
mean absolute distance = 0.53 +- 0.73
4212 vertices more than 2 sigmas from mean.
averaging target values for 5 iterations...
smoothing T1 volume with sigma = 0.250
vertex spacing 0.88 +- 0.25 (0.10-->6.80) (max @ vno 48586 --> 54917)
face area 0.32 +- 0.17 (0.00-->7.77)
mean absolute distance = 0.39 +- 0.61
4107 vertices more than 2 sigmas from mean.
averaging target values for 5 iterations...
repositioning cortical surface to gray/csf boundary.
smoothing T1 volume with sigma = 2.000
averaging target values for 5 iterations...
smoothing T1 volume with sigma = 1.000
averaging target values for 5 iterations...
smoothing T1 volume with sigma = 0.500
averaging target values for 5 iterations...
smoothing T1 volume with sigma = 0.250
averaging target values for 5 iterations...
writing pial surface to /scratch/keanebp/NeuralMech_sub-S31/output//sub-S31/T1w/sub-S31/surf/rh.pial...
writing smoothed curvature to rh.curv.pial
writing smoothed area to rh.area.pial
vertex spacing 1.00 +- 0.40 (0.03-->7.55) (max @ vno 55039 --> 57264)
face area 0.40 +- 0.28 (0.00-->6.51)
measuring cortical thickness...
writing cortical thickness estimate to 'thickness' file.
positioning took 5.7 minutes
using T2 threshold of 2.00 sigmas above the mean (default=2)
using T2 threshold of 3.00 sigmas below the mean (default=2)
using filled.hires as filled name
using wm.hires as filled name
reading original vertex positions from white.deformed
reading previously compute gray/white surface
refining pial surfaces placement using T2 volume /scratch/keanebp/NeuralMech_sub-S31/output//sub-S31/T1w/sub-S31/mri/T2w_hires.norm
appending .postT2.pass2 to output names...
reading volume /scratch/keanebp/NeuralMech_sub-S31/output//sub-S31/T1w/sub-S31/mri/filled.hires.mgz...
reading volume /scratch/keanebp/NeuralMech_sub-S31/output//sub-S31/T1w/sub-S31/mri/T1w_hires.norm.mgz...
reading volume /scratch/keanebp/NeuralMech_sub-S31/output//sub-S31/T1w/sub-S31/mri/wm.hires.mgz...
195047 bright wm thresholded.
0 bright non-wm voxels segmented.
reading original surface position from /scratch/keanebp/NeuralMech_sub-S31/output//sub-S31/T1w/sub-S31/surf/lh.white.deformed...
computing class statistics...
border white:    412618 voxels (2.94%)
border gray      424363 voxels (3.03%)
WM (94.0): 94.6 +- 7.6 [70.0 --> 110.0]
GM (85.0) : 84.3 +- 10.0 [30.0 --> 110.0]
setting MIN_GRAY_AT_WHITE_BORDER to 67.0 (was 70)
setting MAX_BORDER_WHITE to 112.6 (was 105)
setting MIN_BORDER_WHITE to 77.0 (was 85)
setting MAX_CSF to 57.1 (was 40)
setting MAX_GRAY to 97.4 (was 95)
setting MAX_GRAY_AT_CSF_BORDER to 72.0 (was 75)
setting MIN_GRAY_AT_CSF_BORDER to 47.1 (was 40)
reading colortable from annotation file...
colortable with 36 entries read (originally /autofs/space/terrier_001/users/nicks/freesurfer/average/colortable_desikan_killiany.txt)
reading volume /scratch/keanebp/NeuralMech_sub-S31/output//sub-S31/T1w/sub-S31/mri/aseg.hires.mgz...
repositioning cortical surface to gray/csf boundary.
smoothing T1 volume with sigma = 2.000
averaging target values for 5 iterations...
smoothing T1 volume with sigma = 1.000
averaging target values for 5 iterations...
smoothing T1 volume with sigma = 0.500
averaging target values for 5 iterations...
smoothing T1 volume with sigma = 0.250
averaging target values for 5 iterations...
writing pial surface to /scratch/keanebp/NeuralMech_sub-S31/output//sub-S31/T1w/sub-S31/surf/lh.pial.postT2.pass2...
writing smoothed curvature to lh.curv.pial.postT2.pass2
writing smoothed area to lh.area.pial.postT2.pass2
vertex spacing 1.01 +- 0.41 (0.03-->7.53) (max @ vno 134069 --> 58158)
face area 0.41 +- 0.30 (0.00-->9.02)
measuring cortical thickness...
writing cortical thickness estimate to 'thickness' file.
positioning took 7.4 minutes
using T2 threshold of 2.00 sigmas above the mean (default=2)
using T2 threshold of 3.00 sigmas below the mean (default=2)
using filled.hires as filled name
using wm.hires as filled name
reading original vertex positions from white.deformed
reading previously compute gray/white surface
refining pial surfaces placement using T2 volume /scratch/keanebp/NeuralMech_sub-S31/output//sub-S31/T1w/sub-S31/mri/T2w_hires.norm
appending .postT2.pass2 to output names...
reading volume /scratch/keanebp/NeuralMech_sub-S31/output//sub-S31/T1w/sub-S31/mri/filled.hires.mgz...
reading volume /scratch/keanebp/NeuralMech_sub-S31/output//sub-S31/T1w/sub-S31/mri/T1w_hires.norm.mgz...
reading volume /scratch/keanebp/NeuralMech_sub-S31/output//sub-S31/T1w/sub-S31/mri/wm.hires.mgz...
196572 bright wm thresholded.
0 bright non-wm voxels segmented.
reading original surface position from /scratch/keanebp/NeuralMech_sub-S31/output//sub-S31/T1w/sub-S31/surf/rh.white.deformed...
computing class statistics...
border white:    412618 voxels (2.94%)
border gray      424363 voxels (3.03%)
WM (94.0): 94.6 +- 7.7 [70.0 --> 110.0]
GM (85.0) : 84.4 +- 9.9 [30.0 --> 110.0]
setting MIN_GRAY_AT_WHITE_BORDER to 67.1 (was 70)
setting MAX_BORDER_WHITE to 111.7 (was 105)
setting MIN_BORDER_WHITE to 77.0 (was 85)
setting MAX_CSF to 57.1 (was 40)
setting MAX_GRAY to 96.3 (was 95)
setting MAX_GRAY_AT_CSF_BORDER to 72.0 (was 75)
setting MIN_GRAY_AT_CSF_BORDER to 47.2 (was 40)
reading colortable from annotation file...
colortable with 36 entries read (originally /autofs/space/terrier_001/users/nicks/freesurfer/average/colortable_desikan_killiany.txt)
reading volume /scratch/keanebp/NeuralMech_sub-S31/output//sub-S31/T1w/sub-S31/mri/aseg.hires.mgz...
repositioning cortical surface to gray/csf boundary.
smoothing T1 volume with sigma = 2.000
averaging target values for 5 iterations...
smoothing T1 volume with sigma = 1.000
averaging target values for 5 iterations...
smoothing T1 volume with sigma = 0.500
averaging target values for 5 iterations...
smoothing T1 volume with sigma = 0.250
averaging target values for 5 iterations...
writing pial surface to /scratch/keanebp/NeuralMech_sub-S31/output//sub-S31/T1w/sub-S31/surf/rh.pial.postT2.pass2...
writing smoothed curvature to rh.curv.pial.postT2.pass2
writing smoothed area to rh.area.pial.postT2.pass2
vertex spacing 1.02 +- 0.41 (0.01-->7.56) (max @ vno 55039 --> 57264)
face area 0.41 +- 0.30 (0.00-->6.45)
measuring cortical thickness...
writing cortical thickness estimate to 'thickness' file.
positioning took 7.4 minutes
